16:46:04.102 [main] DEBUG api.test.UserTests - debugging.....
16:46:04.142 [main] INFO  api.test.UserTests - ********** Creating user (Post Req.) ***************
16:46:07.936 [main] INFO  api.test.UserTests - **********User is creatged  ***************
16:46:07.962 [main] INFO  api.test.UserTests - ********** Reading User Info (Get Req.) ***************
16:46:09.284 [main] INFO  api.test.UserTests - **********User info  is displayed ***************
16:46:09.290 [main] INFO  api.test.UserTests - ********** Updating User (Put Req.) ***************
16:46:11.996 [main] INFO  api.test.UserTests - ********** User updated ***************
16:46:13.127 [main] INFO  api.test.UserTests - **********   Deleting User (Delete req. )  ***************
16:46:14.703 [main] INFO  api.test.UserTests - ********** User deleted ***************
16:47:06.033 [main] DEBUG api.test.UserTests - debugging.....
16:47:06.085 [main] INFO  api.test.UserTests - ********** Creating user (Post Req.) ***************
16:47:09.842 [main] INFO  api.test.UserTests - **********User is creatged  ***************
16:47:09.867 [main] INFO  api.test.UserTests - ********** Reading User Info (Get Req.) ***************
16:47:10.987 [main] INFO  api.test.UserTests - **********User info  is displayed ***************
16:47:10.991 [main] INFO  api.test.UserTests - ********** Updating User (Put Req.) ***************
16:47:12.060 [main] INFO  api.test.UserTests - ********** User updated ***************
16:47:13.147 [main] INFO  api.test.UserTests - **********   Deleting User (Delete req. )  ***************
16:47:14.232 [main] INFO  api.test.UserTests - ********** User deleted ***************
20:27:48.404 [main] DEBUG api.test.UserTests2 - debugging.....
20:27:48.448 [main] INFO  api.test.UserTests2 - ********** Creating user (Post Req.) ***************
20:27:54.624 [main] INFO  api.test.UserTests2 - **********User is creatged  ***************
20:27:54.653 [main] INFO  api.test.UserTests2 - ********** Reading User Info (Get Req.) ***************
20:27:55.764 [main] INFO  api.test.UserTests2 - **********User info  is displayed ***************
20:27:55.770 [main] INFO  api.test.UserTests2 - ********** Updating User (Put Req.) ***************
20:27:56.869 [main] INFO  api.test.UserTests2 - ********** User updated ***************
20:27:57.970 [main] INFO  api.test.UserTests2 - **********   Deleting User (Delete req. )  ***************
20:27:59.022 [main] INFO  api.test.UserTests2 - ********** User deleted ***************
22:50:13.805 [main] DEBUG api.test.UserTests2 - debugging.....
22:50:13.845 [main] INFO  api.test.UserTests2 - ********** Creating user (Post Req.) ***************
22:50:20.562 [main] INFO  api.test.UserTests2 - **********User is creatged  ***************
22:50:20.600 [main] INFO  api.test.UserTests2 - ********** Reading User Info (Get Req.) ***************
22:50:21.708 [main] INFO  api.test.UserTests2 - **********User info  is displayed ***************
22:50:21.711 [main] INFO  api.test.UserTests2 - ********** Updating User (Put Req.) ***************
22:50:22.951 [main] INFO  api.test.UserTests2 - ********** User updated ***************
22:50:23.991 [main] INFO  api.test.UserTests2 - **********   Deleting User (Delete req. )  ***************
22:50:25.065 [main] INFO  api.test.UserTests2 - ********** User deleted ***************
22:52:43.043 [main] DEBUG api.test.UserTests2 - debugging.....
22:52:43.084 [main] INFO  api.test.UserTests2 - ********** Creating user (Post Req.) ***************
22:52:47.124 [main] INFO  api.test.UserTests2 - **********User is creatged  ***************
22:52:47.141 [main] INFO  api.test.UserTests2 - ********** Reading User Info (Get Req.) ***************
22:52:48.229 [main] INFO  api.test.UserTests2 - **********User info  is displayed ***************
22:52:48.234 [main] INFO  api.test.UserTests2 - ********** Updating User (Put Req.) ***************
22:52:50.374 [main] INFO  api.test.UserTests2 - ********** User updated ***************
22:52:51.479 [main] INFO  api.test.UserTests2 - **********   Deleting User (Delete req. )  ***************
22:52:52.556 [main] INFO  api.test.UserTests2 - ********** User deleted ***************
23:17:20.643 [main] DEBUG api.test.UserTests2 - debugging.....
23:17:20.696 [main] INFO  api.test.UserTests2 - ********** Creating user (Post Req.) ***************
23:17:27.222 [main] INFO  api.test.UserTests2 - **********User is creatged  ***************
23:17:27.254 [main] INFO  api.test.UserTests2 - ********** Reading User Info (Get Req.) ***************
23:17:29.029 [main] INFO  api.test.UserTests2 - **********User info  is displayed ***************
23:17:29.033 [main] INFO  api.test.UserTests2 - ********** Updating User (Put Req.) ***************
23:17:30.166 [main] INFO  api.test.UserTests2 - ********** User updated ***************
23:17:31.298 [main] INFO  api.test.UserTests2 - **********   Deleting User (Delete req. )  ***************
23:17:32.365 [main] INFO  api.test.UserTests2 - ********** User deleted ***************
14:29:47.652 [main] DEBUG api.test.UserTests2 - debugging.....
14:29:47.707 [main] INFO  api.test.UserTests2 - ********** Creating user (Post Req.) ***************
14:29:55.167 [main] INFO  api.test.UserTests2 - **********User is creatged  ***************
14:29:55.207 [main] INFO  api.test.UserTests2 - ********** Reading User Info (Get Req.) ***************
14:29:56.331 [main] INFO  api.test.UserTests2 - **********User info  is displayed ***************
14:29:56.334 [main] INFO  api.test.UserTests2 - ********** Updating User (Put Req.) ***************
14:29:57.511 [main] INFO  api.test.UserTests2 - ********** User updated ***************
14:29:58.591 [main] INFO  api.test.UserTests2 - **********   Deleting User (Delete req. )  ***************
14:29:59.670 [main] INFO  api.test.UserTests2 - ********** User deleted ***************
14:31:22.328 [main] DEBUG api.test.UserTests2 - debugging.....
14:31:22.371 [main] INFO  api.test.UserTests2 - ********** Creating user (Post Req.) ***************
14:31:26.319 [main] INFO  api.test.UserTests2 - **********User is creatged  ***************
14:31:26.343 [main] INFO  api.test.UserTests2 - ********** Reading User Info (Get Req.) ***************
14:31:28.470 [main] INFO  api.test.UserTests2 - **********User info  is displayed ***************
14:31:28.473 [main] INFO  api.test.UserTests2 - ********** Updating User (Put Req.) ***************
14:31:29.604 [main] INFO  api.test.UserTests2 - ********** User updated ***************
14:31:30.699 [main] INFO  api.test.UserTests2 - **********   Deleting User (Delete req. )  ***************
14:31:31.750 [main] INFO  api.test.UserTests2 - ********** User deleted ***************
16:48:22.505 [main] DEBUG api.test.UserTests2 - debugging.....
16:48:22.548 [main] INFO  api.test.UserTests2 - ********** Creating user (Post Req.) ***************
16:48:27.551 [main] INFO  api.test.UserTests2 - **********User is creatged  ***************
16:48:27.571 [main] INFO  api.test.UserTests2 - ********** Reading User Info (Get Req.) ***************
16:48:28.661 [main] INFO  api.test.UserTests2 - **********User info  is displayed ***************
16:48:28.664 [main] INFO  api.test.UserTests2 - ********** Updating User (Put Req.) ***************
16:48:30.122 [main] INFO  api.test.UserTests2 - ********** User updated ***************
16:48:31.222 [main] INFO  api.test.UserTests2 - **********   Deleting User (Delete req. )  ***************
16:48:32.321 [main] INFO  api.test.UserTests2 - ********** User deleted ***************
16:49:38.302 [main] DEBUG api.test.UserTests2 - debugging.....
16:49:38.342 [main] INFO  api.test.UserTests2 - ********** Creating user (Post Req.) ***************
16:49:42.582 [main] INFO  api.test.UserTests2 - **********User is creatged  ***************
16:49:42.600 [main] INFO  api.test.UserTests2 - ********** Reading User Info (Get Req.) ***************
16:49:43.738 [main] INFO  api.test.UserTests2 - **********User info  is displayed ***************
16:49:43.741 [main] INFO  api.test.UserTests2 - ********** Updating User (Put Req.) ***************
16:49:44.889 [main] INFO  api.test.UserTests2 - ********** User updated ***************
16:49:46.022 [main] INFO  api.test.UserTests2 - **********   Deleting User (Delete req. )  ***************
16:49:47.378 [main] INFO  api.test.UserTests2 - ********** User deleted ***************
17:26:51.009 [main] DEBUG api.test.UserTests2 - debugging.....
17:26:51.058 [main] INFO  api.test.UserTests2 - ********** Creating user (Post Req.) ***************
17:27:38.439 [main] INFO  api.test.UserTests2 - **********User is creatged  ***************
17:27:38.677 [main] INFO  api.test.UserTests2 - ********** Reading User Info (Get Req.) ***************
17:27:39.838 [main] INFO  api.test.UserTests2 - **********User info  is displayed ***************
17:27:39.842 [main] INFO  api.test.UserTests2 - ********** Updating User (Put Req.) ***************
17:27:41.150 [main] INFO  api.test.UserTests2 - ********** User updated ***************
17:27:42.541 [main] INFO  api.test.UserTests2 - **********   Deleting User (Delete req. )  ***************
17:27:43.606 [main] INFO  api.test.UserTests2 - ********** User deleted ***************
17:28:27.662 [main] DEBUG api.test.UserTests2 - debugging.....
17:28:27.710 [main] INFO  api.test.UserTests2 - ********** Creating user (Post Req.) ***************
17:28:33.566 [main] INFO  api.test.UserTests2 - **********User is creatged  ***************
17:28:33.589 [main] INFO  api.test.UserTests2 - ********** Reading User Info (Get Req.) ***************
17:28:34.749 [main] INFO  api.test.UserTests2 - **********User info  is displayed ***************
17:28:34.751 [main] INFO  api.test.UserTests2 - ********** Updating User (Put Req.) ***************
17:28:35.920 [main] INFO  api.test.UserTests2 - ********** User updated ***************
17:28:36.996 [main] INFO  api.test.UserTests2 - **********   Deleting User (Delete req. )  ***************
17:28:38.061 [main] INFO  api.test.UserTests2 - ********** User deleted ***************
17:29:35.413 [main] DEBUG api.test.UserTests2 - debugging.....
17:29:35.458 [main] INFO  api.test.UserTests2 - ********** Creating user (Post Req.) ***************
17:29:39.938 [main] INFO  api.test.UserTests2 - **********User is creatged  ***************
17:29:39.967 [main] INFO  api.test.UserTests2 - ********** Reading User Info (Get Req.) ***************
17:29:41.131 [main] INFO  api.test.UserTests2 - **********User info  is displayed ***************
17:29:41.134 [main] INFO  api.test.UserTests2 - ********** Updating User (Put Req.) ***************
17:29:42.300 [main] INFO  api.test.UserTests2 - ********** User updated ***************
17:29:43.384 [main] INFO  api.test.UserTests2 - **********   Deleting User (Delete req. )  ***************
17:29:44.473 [main] INFO  api.test.UserTests2 - ********** User deleted ***************
17:43:02.533 [main] DEBUG api.test.UserTests2 - debugging.....
17:43:02.622 [main] INFO  api.test.UserTests2 - ********** Creating user (Post Req.) ***************
17:43:02.669 [main] INFO  api.test.UserTests2 - ********** Reading User Info (Get Req.) ***************
17:43:02.680 [main] INFO  api.test.UserTests2 - ********** Updating User (Put Req.) ***************
17:43:02.692 [main] INFO  api.test.UserTests2 - **********   Deleting User (Delete req. )  ***************
17:45:31.137 [main] DEBUG api.test.UserTests2 - debugging.....
17:45:31.206 [main] INFO  api.test.UserTests2 - ********** Creating user (Post Req.) ***************
17:45:38.236 [main] INFO  api.test.UserTests2 - **********User is creatged  ***************
17:45:38.266 [main] INFO  api.test.UserTests2 - ********** Reading User Info (Get Req.) ***************
17:45:39.382 [main] INFO  api.test.UserTests2 - **********User info  is displayed ***************
17:45:39.386 [main] INFO  api.test.UserTests2 - ********** Updating User (Put Req.) ***************
17:45:40.589 [main] INFO  api.test.UserTests2 - ********** User updated ***************
17:45:41.640 [main] INFO  api.test.UserTests2 - **********   Deleting User (Delete req. )  ***************
17:45:42.713 [main] INFO  api.test.UserTests2 - ********** User deleted ***************
17:47:16.504 [main] DEBUG api.test.UserTests2 - debugging.....
17:47:16.549 [main] INFO  api.test.UserTests2 - ********** Creating user (Post Req.) ***************
17:47:20.451 [main] INFO  api.test.UserTests2 - **********User is creatged  ***************
17:47:20.469 [main] INFO  api.test.UserTests2 - ********** Reading User Info (Get Req.) ***************
17:47:21.571 [main] INFO  api.test.UserTests2 - **********User info  is displayed ***************
17:47:21.574 [main] INFO  api.test.UserTests2 - ********** Updating User (Put Req.) ***************
17:47:22.680 [main] INFO  api.test.UserTests2 - ********** User updated ***************
17:47:23.756 [main] INFO  api.test.UserTests2 - **********   Deleting User (Delete req. )  ***************
17:47:24.885 [main] INFO  api.test.UserTests2 - ********** User deleted ***************
17:47:58.498 [main] DEBUG api.test.UserTests2 - debugging.....
17:47:58.540 [main] INFO  api.test.UserTests2 - ********** Creating user (Post Req.) ***************
17:48:02.385 [main] INFO  api.test.UserTests2 - **********User is creatged  ***************
17:48:02.404 [main] INFO  api.test.UserTests2 - ********** Reading User Info (Get Req.) ***************
17:48:03.553 [main] INFO  api.test.UserTests2 - **********User info  is displayed ***************
17:48:03.556 [main] INFO  api.test.UserTests2 - ********** Updating User (Put Req.) ***************
17:48:04.735 [main] INFO  api.test.UserTests2 - ********** User updated ***************
17:48:05.789 [main] INFO  api.test.UserTests2 - **********   Deleting User (Delete req. )  ***************
17:48:06.845 [main] INFO  api.test.UserTests2 - ********** User deleted ***************
17:48:56.924 [main] DEBUG api.test.UserTests2 - debugging.....
17:48:56.977 [main] INFO  api.test.UserTests2 - ********** Creating user (Post Req.) ***************
17:49:01.107 [main] INFO  api.test.UserTests2 - **********User is creatged  ***************
17:49:01.136 [main] INFO  api.test.UserTests2 - ********** Reading User Info (Get Req.) ***************
17:49:02.295 [main] INFO  api.test.UserTests2 - **********User info  is displayed ***************
17:49:02.297 [main] INFO  api.test.UserTests2 - ********** Updating User (Put Req.) ***************
17:49:03.416 [main] INFO  api.test.UserTests2 - ********** User updated ***************
17:49:04.682 [main] INFO  api.test.UserTests2 - **********   Deleting User (Delete req. )  ***************
17:49:05.755 [main] INFO  api.test.UserTests2 - ********** User deleted ***************
18:11:51.295 [main] DEBUG api.test.UserTests2 - debugging.....
18:11:51.507 [main] INFO  api.test.UserTests2 - ********** Creating user (Post Req.) ***************
18:12:36.455 [main] INFO  api.test.UserTests2 - **********User is creatged  ***************
18:12:36.523 [main] INFO  api.test.UserTests2 - ********** Reading User Info (Get Req.) ***************
18:12:37.677 [main] INFO  api.test.UserTests2 - **********User info  is displayed ***************
18:12:37.680 [main] INFO  api.test.UserTests2 - ********** Updating User (Put Req.) ***************
18:12:39.152 [main] INFO  api.test.UserTests2 - ********** User updated ***************
18:12:40.293 [main] INFO  api.test.UserTests2 - **********   Deleting User (Delete req. )  ***************
18:12:41.358 [main] INFO  api.test.UserTests2 - ********** User deleted ***************
19:48:17.613 [main] DEBUG api.test.UserTests2 - debugging.....
19:48:17.699 [main] INFO  api.test.UserTests2 - ********** Creating user (Post Req.) ***************
19:48:41.095 [main] INFO  api.test.UserTests2 - **********User is creatged  ***************
19:48:41.289 [main] INFO  api.test.UserTests2 - ********** Reading User Info (Get Req.) ***************
19:48:42.453 [main] INFO  api.test.UserTests2 - **********User info  is displayed ***************
19:48:42.456 [main] INFO  api.test.UserTests2 - ********** Updating User (Put Req.) ***************
19:48:43.556 [main] INFO  api.test.UserTests2 - ********** User updated ***************
19:48:44.658 [main] INFO  api.test.UserTests2 - **********   Deleting User (Delete req. )  ***************
19:48:45.752 [main] INFO  api.test.UserTests2 - ********** User deleted ***************
20:11:25.789 [main] DEBUG api.test.UserTests2 - debugging.....
20:11:25.846 [main] INFO  api.test.UserTests2 - ********** Creating user (Post Req.) ***************
20:11:47.170 [main] INFO  api.test.UserTests2 - **********User is creatged  ***************
20:11:47.206 [main] INFO  api.test.UserTests2 - ********** Reading User Info (Get Req.) ***************
20:11:48.389 [main] INFO  api.test.UserTests2 - **********User info  is displayed ***************
20:11:48.392 [main] INFO  api.test.UserTests2 - ********** Updating User (Put Req.) ***************
20:11:49.553 [main] INFO  api.test.UserTests2 - ********** User updated ***************
20:11:50.647 [main] INFO  api.test.UserTests2 - **********   Deleting User (Delete req. )  ***************
20:11:51.772 [main] INFO  api.test.UserTests2 - ********** User deleted ***************
20:14:23.363 [main] DEBUG api.test.UserTests2 - debugging.....
20:14:23.486 [main] INFO  api.test.UserTests2 - ********** Creating user (Post Req.) ***************
20:14:33.308 [main] INFO  api.test.UserTests2 - **********User is creatged  ***************
20:14:33.340 [main] INFO  api.test.UserTests2 - ********** Reading User Info (Get Req.) ***************
20:14:34.473 [main] INFO  api.test.UserTests2 - **********User info  is displayed ***************
20:14:34.476 [main] INFO  api.test.UserTests2 - ********** Updating User (Put Req.) ***************
20:14:35.655 [main] INFO  api.test.UserTests2 - ********** User updated ***************
20:14:36.780 [main] INFO  api.test.UserTests2 - **********   Deleting User (Delete req. )  ***************
20:14:37.824 [main] INFO  api.test.UserTests2 - ********** User deleted ***************
20:15:16.975 [main] DEBUG api.test.UserTests2 - debugging.....
20:15:17.021 [main] INFO  api.test.UserTests2 - ********** Creating user (Post Req.) ***************
20:15:21.656 [main] INFO  api.test.UserTests2 - **********User is creatged  ***************
20:15:21.678 [main] INFO  api.test.UserTests2 - ********** Reading User Info (Get Req.) ***************
20:15:22.829 [main] INFO  api.test.UserTests2 - **********User info  is displayed ***************
20:15:22.833 [main] INFO  api.test.UserTests2 - ********** Updating User (Put Req.) ***************
20:15:23.945 [main] INFO  api.test.UserTests2 - ********** User updated ***************
20:15:25.044 [main] INFO  api.test.UserTests2 - **********   Deleting User (Delete req. )  ***************
20:15:26.160 [main] INFO  api.test.UserTests2 - ********** User deleted ***************
22:20:55.947 [main] DEBUG api.test.UserTests2 - debugging.....
22:20:56.021 [main] INFO  api.test.UserTests2 - ********** Creating user (Post Req.) ***************
22:21:23.264 [main] INFO  api.test.UserTests2 - **********User is creatged  ***************
22:21:23.291 [main] INFO  api.test.UserTests2 - ********** Reading User Info (Get Req.) ***************
22:21:24.399 [main] INFO  api.test.UserTests2 - **********User info  is displayed ***************
22:21:24.402 [main] INFO  api.test.UserTests2 - ********** Updating User (Put Req.) ***************
22:21:25.529 [main] INFO  api.test.UserTests2 - ********** User updated ***************
22:21:26.587 [main] INFO  api.test.UserTests2 - **********   Deleting User (Delete req. )  ***************
22:21:27.666 [main] INFO  api.test.UserTests2 - ********** User deleted ***************
22:23:07.756 [main] DEBUG api.test.UserTests2 - debugging.....
22:23:07.798 [main] INFO  api.test.UserTests2 - ********** Creating user (Post Req.) ***************
22:23:11.966 [main] INFO  api.test.UserTests2 - **********User is creatged  ***************
22:23:11.991 [main] INFO  api.test.UserTests2 - ********** Reading User Info (Get Req.) ***************
22:23:13.155 [main] INFO  api.test.UserTests2 - **********User info  is displayed ***************
22:23:13.157 [main] INFO  api.test.UserTests2 - ********** Updating User (Put Req.) ***************
22:23:14.296 [main] INFO  api.test.UserTests2 - ********** User updated ***************
22:23:15.383 [main] INFO  api.test.UserTests2 - **********   Deleting User (Delete req. )  ***************
22:23:16.431 [main] INFO  api.test.UserTests2 - ********** User deleted ***************
17:58:55.597 [main] DEBUG api.test.UserTests2 - debugging.....
17:58:55.650 [main] INFO  api.test.UserTests2 - ********** Creating user (Post Req.) ***************
17:59:00.552 [main] INFO  api.test.UserTests2 - **********User is creatged  ***************
17:59:00.580 [main] INFO  api.test.UserTests2 - ********** Reading User Info (Get Req.) ***************
17:59:01.918 [main] INFO  api.test.UserTests2 - **********User info  is displayed ***************
17:59:01.921 [main] INFO  api.test.UserTests2 - ********** Updating User (Put Req.) ***************
17:59:03.439 [main] INFO  api.test.UserTests2 - ********** User updated ***************
17:59:04.514 [main] INFO  api.test.UserTests2 - **********   Deleting User (Delete req. )  ***************
17:59:05.872 [main] INFO  api.test.UserTests2 - ********** User deleted ***************
22:12:20.066 [main] DEBUG api.test.UserTests2 - debugging.....
22:12:20.117 [main] INFO  api.test.UserTests2 - ********** Creating user (Post Req.) ***************
22:12:33.820 [main] INFO  api.test.UserTests2 - **********User is creatged  ***************
22:12:33.848 [main] INFO  api.test.UserTests2 - ********** Reading User Info (Get Req.) ***************
22:12:34.980 [main] INFO  api.test.UserTests2 - **********User info  is displayed ***************
22:12:34.984 [main] INFO  api.test.UserTests2 - ********** Updating User (Put Req.) ***************
22:12:36.172 [main] INFO  api.test.UserTests2 - ********** User updated ***************
22:12:37.212 [main] INFO  api.test.UserTests2 - **********   Deleting User (Delete req. )  ***************
22:12:38.347 [main] INFO  api.test.UserTests2 - ********** User deleted ***************
22:13:39.597 [main] DEBUG api.test.UserTests2 - debugging.....
22:13:39.641 [main] INFO  api.test.UserTests2 - ********** Creating user (Post Req.) ***************
22:13:43.691 [main] INFO  api.test.UserTests2 - **********User is creatged  ***************
22:13:43.718 [main] INFO  api.test.UserTests2 - ********** Reading User Info (Get Req.) ***************
22:13:44.873 [main] INFO  api.test.UserTests2 - **********User info  is displayed ***************
22:13:44.878 [main] INFO  api.test.UserTests2 - ********** Updating User (Put Req.) ***************
22:13:46.722 [main] INFO  api.test.UserTests2 - ********** User updated ***************
22:13:47.876 [main] INFO  api.test.UserTests2 - **********   Deleting User (Delete req. )  ***************
22:13:48.972 [main] INFO  api.test.UserTests2 - ********** User deleted ***************
22:37:42.398 [main] DEBUG api.test.UserTests2 - debugging.....
22:37:42.476 [main] INFO  api.test.UserTests2 - ********** Creating user (Post Req.) ***************
22:38:23.422 [main] INFO  api.test.UserTests2 - **********User is creatged  ***************
22:38:23.556 [main] INFO  api.test.UserTests2 - ********** Reading User Info (Get Req.) ***************
22:38:25.007 [main] INFO  api.test.UserTests2 - **********User info  is displayed ***************
22:38:25.010 [main] INFO  api.test.UserTests2 - ********** Updating User (Put Req.) ***************
22:38:26.821 [main] INFO  api.test.UserTests2 - ********** User updated ***************
22:38:28.175 [main] INFO  api.test.UserTests2 - **********   Deleting User (Delete req. )  ***************
22:38:29.709 [main] INFO  api.test.UserTests2 - ********** User deleted ***************
22:51:48.254 [main] DEBUG api.test.UserTests2 - debugging.....
22:51:48.309 [main] INFO  api.test.UserTests2 - ********** Creating user (Post Req.) ***************
22:51:54.750 [main] INFO  api.test.UserTests2 - **********User is creatged  ***************
22:51:54.789 [main] INFO  api.test.UserTests2 - ********** Reading User Info (Get Req.) ***************
22:51:55.955 [main] INFO  api.test.UserTests2 - **********User info  is displayed ***************
22:51:55.958 [main] INFO  api.test.UserTests2 - ********** Updating User (Put Req.) ***************
22:51:57.086 [main] INFO  api.test.UserTests2 - ********** User updated ***************
22:51:58.212 [main] INFO  api.test.UserTests2 - **********   Deleting User (Delete req. )  ***************
22:51:59.336 [main] INFO  api.test.UserTests2 - ********** User deleted ***************
22:55:45.921 [main] DEBUG api.test.UserTests2 - debugging.....
22:55:45.993 [main] INFO  api.test.UserTests2 - ********** Creating user (Post Req.) ***************
22:55:58.459 [main] INFO  api.test.UserTests2 - **********User is creatged  ***************
22:55:58.513 [main] INFO  api.test.UserTests2 - ********** Reading User Info (Get Req.) ***************
22:55:59.681 [main] INFO  api.test.UserTests2 - **********User info  is displayed ***************
22:55:59.684 [main] INFO  api.test.UserTests2 - ********** Updating User (Put Req.) ***************
22:56:00.862 [main] INFO  api.test.UserTests2 - ********** User updated ***************
22:56:01.985 [main] INFO  api.test.UserTests2 - **********   Deleting User (Delete req. )  ***************
22:56:03.695 [main] INFO  api.test.UserTests2 - ********** User deleted ***************
22:09:59.999 [main] DEBUG api.test.UserTests2 - debugging.....
22:10:00.060 [main] INFO  api.test.UserTests2 - ********** Creating user (Post Req.) ***************
22:10:05.602 [main] INFO  api.test.UserTests2 - **********User is creatged  ***************
22:10:05.638 [main] INFO  api.test.UserTests2 - ********** Reading User Info (Get Req.) ***************
22:10:07.906 [main] INFO  api.test.UserTests2 - **********User info  is displayed ***************
22:10:07.909 [main] INFO  api.test.UserTests2 - ********** Updating User (Put Req.) ***************
22:10:08.953 [main] INFO  api.test.UserTests2 - ********** User updated ***************
22:10:09.958 [main] INFO  api.test.UserTests2 - **********   Deleting User (Delete req. )  ***************
22:10:11.011 [main] INFO  api.test.UserTests2 - ********** User deleted ***************
22:11:14.609 [main] DEBUG api.test.UserTests2 - debugging.....
22:11:14.660 [main] INFO  api.test.UserTests2 - ********** Creating user (Post Req.) ***************
22:11:18.602 [main] INFO  api.test.UserTests2 - **********User is creatged  ***************
22:11:18.627 [main] INFO  api.test.UserTests2 - ********** Reading User Info (Get Req.) ***************
22:11:19.757 [main] INFO  api.test.UserTests2 - **********User info  is displayed ***************
22:11:19.760 [main] INFO  api.test.UserTests2 - ********** Updating User (Put Req.) ***************
22:11:20.882 [main] INFO  api.test.UserTests2 - ********** User updated ***************
22:11:22.042 [main] INFO  api.test.UserTests2 - **********   Deleting User (Delete req. )  ***************
22:11:23.169 [main] INFO  api.test.UserTests2 - ********** User deleted ***************
22:43:40.844 [main] DEBUG api.test.UserTests2 - debugging.....
22:43:40.897 [main] INFO  api.test.UserTests2 - ********** Creating user (Post Req.) ***************
22:43:54.548 [main] INFO  api.test.UserTests2 - **********User is creatged  ***************
22:43:54.594 [main] INFO  api.test.UserTests2 - ********** Reading User Info (Get Req.) ***************
22:43:55.712 [main] INFO  api.test.UserTests2 - **********User info  is displayed ***************
22:43:55.714 [main] INFO  api.test.UserTests2 - ********** Updating User (Put Req.) ***************
22:43:56.959 [main] INFO  api.test.UserTests2 - ********** User updated ***************
22:43:58.048 [main] INFO  api.test.UserTests2 - **********   Deleting User (Delete req. )  ***************
22:43:59.104 [main] INFO  api.test.UserTests2 - ********** User deleted ***************
22:46:01.292 [main] DEBUG api.test.UserTests2 - debugging.....
22:46:01.354 [main] INFO  api.test.UserTests2 - ********** Creating user (Post Req.) ***************
22:46:07.664 [main] INFO  api.test.UserTests2 - **********User is creatged  ***************
22:46:07.695 [main] INFO  api.test.UserTests2 - ********** Reading User Info (Get Req.) ***************
22:46:08.804 [main] INFO  api.test.UserTests2 - **********User info  is displayed ***************
22:46:08.804 [main] INFO  api.test.UserTests2 - ********** Updating User (Put Req.) ***************
22:46:09.944 [main] INFO  api.test.UserTests2 - ********** User updated ***************
22:46:11.007 [main] INFO  api.test.UserTests2 - **********   Deleting User (Delete req. )  ***************
22:46:12.100 [main] INFO  api.test.UserTests2 - ********** User deleted ***************
22:59:41.114 [main] DEBUG api.test.UserTests2 - debugging.....
22:59:41.207 [main] INFO  api.test.UserTests2 - ********** Creating user (Post Req.) ***************
22:59:46.114 [main] INFO  api.test.UserTests2 - **********User is creatged  ***************
22:59:46.139 [main] INFO  api.test.UserTests2 - ********** Reading User Info (Get Req.) ***************
22:59:48.370 [main] INFO  api.test.UserTests2 - **********User info  is displayed ***************
22:59:48.373 [main] INFO  api.test.UserTests2 - ********** Updating User (Put Req.) ***************
22:59:49.561 [main] INFO  api.test.UserTests2 - ********** User updated ***************
22:59:50.637 [main] INFO  api.test.UserTests2 - **********   Deleting User (Delete req. )  ***************
22:59:51.715 [main] INFO  api.test.UserTests2 - ********** User deleted ***************
23:09:37.217 [main] DEBUG api.test.UserTests2 - debugging.....
23:09:37.270 [main] INFO  api.test.UserTests2 - ********** Creating user (Post Req.) ***************
23:09:43.080 [main] INFO  api.test.UserTests2 - **********User is creatged  ***************
23:09:43.109 [main] INFO  api.test.UserTests2 - ********** Reading User Info (Get Req.) ***************
23:09:44.224 [main] INFO  api.test.UserTests2 - **********User info  is displayed ***************
23:09:44.227 [main] INFO  api.test.UserTests2 - ********** Updating User (Put Req.) ***************
23:09:45.386 [main] INFO  api.test.UserTests2 - ********** User updated ***************
23:09:46.486 [main] INFO  api.test.UserTests2 - **********   Deleting User (Delete req. )  ***************
23:09:47.522 [main] INFO  api.test.UserTests2 - ********** User deleted ***************
23:11:40.556 [main] DEBUG api.test.UserTests2 - debugging.....
23:11:40.606 [main] INFO  api.test.UserTests2 - ********** Creating user (Post Req.) ***************
23:11:44.339 [main] INFO  api.test.UserTests2 - **********User is creatged  ***************
23:11:44.356 [main] INFO  api.test.UserTests2 - ********** Reading User Info (Get Req.) ***************
23:11:45.510 [main] INFO  api.test.UserTests2 - **********User info  is displayed ***************
23:11:45.512 [main] INFO  api.test.UserTests2 - ********** Updating User (Put Req.) ***************
23:11:46.718 [main] INFO  api.test.UserTests2 - ********** User updated ***************
23:11:47.837 [main] INFO  api.test.UserTests2 - **********   Deleting User (Delete req. )  ***************
23:11:48.973 [main] INFO  api.test.UserTests2 - ********** User deleted ***************
23:12:25.420 [main] DEBUG api.test.UserTests2 - debugging.....
23:12:25.461 [main] INFO  api.test.UserTests2 - ********** Creating user (Post Req.) ***************
23:12:29.297 [main] INFO  api.test.UserTests2 - **********User is creatged  ***************
23:12:29.312 [main] INFO  api.test.UserTests2 - ********** Reading User Info (Get Req.) ***************
23:12:30.452 [main] INFO  api.test.UserTests2 - **********User info  is displayed ***************
23:12:30.456 [main] INFO  api.test.UserTests2 - ********** Updating User (Put Req.) ***************
23:12:31.493 [main] INFO  api.test.UserTests2 - ********** User updated ***************
23:12:32.536 [main] INFO  api.test.UserTests2 - **********   Deleting User (Delete req. )  ***************
23:12:33.579 [main] INFO  api.test.UserTests2 - ********** User deleted ***************
11:19:24.318 [main] DEBUG api.test.UserTests2 - debugging.....
11:19:24.372 [main] INFO  api.test.UserTests2 - ********** Creating user (Post Req.) ***************
11:19:29.435 [main] INFO  api.test.UserTests2 - **********User is creatged  ***************
11:19:29.485 [main] INFO  api.test.UserTests2 - ********** Reading User Info (Get Req.) ***************
11:19:30.674 [main] INFO  api.test.UserTests2 - **********User info  is displayed ***************
11:19:30.677 [main] INFO  api.test.UserTests2 - ********** Updating User (Put Req.) ***************
11:19:31.800 [main] INFO  api.test.UserTests2 - ********** User updated ***************
11:19:32.790 [main] INFO  api.test.UserTests2 - **********   Deleting User (Delete req. )  ***************
11:19:33.836 [main] INFO  api.test.UserTests2 - ********** User deleted ***************
11:20:26.827 [main] DEBUG api.test.UserTests2 - debugging.....
11:20:26.868 [main] INFO  api.test.UserTests2 - ********** Creating user (Post Req.) ***************
11:20:30.780 [main] INFO  api.test.UserTests2 - **********User is creatged  ***************
11:20:30.795 [main] INFO  api.test.UserTests2 - ********** Reading User Info (Get Req.) ***************
11:20:31.983 [main] INFO  api.test.UserTests2 - **********User info  is displayed ***************
11:20:31.987 [main] INFO  api.test.UserTests2 - ********** Updating User (Put Req.) ***************
11:20:33.096 [main] INFO  api.test.UserTests2 - ********** User updated ***************
11:20:34.214 [main] INFO  api.test.UserTests2 - **********   Deleting User (Delete req. )  ***************
11:20:35.277 [main] INFO  api.test.UserTests2 - ********** User deleted ***************
11:21:47.311 [main] DEBUG api.test.UserTests2 - debugging.....
11:21:47.354 [main] INFO  api.test.UserTests2 - ********** Creating user (Post Req.) ***************
11:21:51.159 [main] INFO  api.test.UserTests2 - **********User is creatged  ***************
11:21:51.174 [main] INFO  api.test.UserTests2 - ********** Reading User Info (Get Req.) ***************
11:21:52.278 [main] INFO  api.test.UserTests2 - **********User info  is displayed ***************
11:21:52.281 [main] INFO  api.test.UserTests2 - ********** Updating User (Put Req.) ***************
11:21:53.373 [main] INFO  api.test.UserTests2 - ********** User updated ***************
11:21:54.480 [main] INFO  api.test.UserTests2 - **********   Deleting User (Delete req. )  ***************
11:21:55.606 [main] INFO  api.test.UserTests2 - ********** User deleted ***************
11:23:17.499 [main] DEBUG api.test.UserTests2 - debugging.....
11:23:17.541 [main] INFO  api.test.UserTests2 - ********** Creating user (Post Req.) ***************
11:23:22.136 [main] INFO  api.test.UserTests2 - **********User is creatged  ***************
11:23:22.152 [main] INFO  api.test.UserTests2 - ********** Reading User Info (Get Req.) ***************
11:23:23.251 [main] INFO  api.test.UserTests2 - **********User info  is displayed ***************
11:23:23.254 [main] INFO  api.test.UserTests2 - ********** Updating User (Put Req.) ***************
11:23:24.454 [main] INFO  api.test.UserTests2 - ********** User updated ***************
11:23:25.515 [main] INFO  api.test.UserTests2 - **********   Deleting User (Delete req. )  ***************
11:23:26.602 [main] INFO  api.test.UserTests2 - ********** User deleted ***************
16:14:35.080 [main] DEBUG api.test.UserTests2 - debugging.....
16:14:35.133 [main] INFO  api.test.UserTests2 - ********** Creating user (Post Req.) ***************
16:14:40.730 [main] INFO  api.test.UserTests2 - **********User is creatged  ***************
16:14:40.759 [main] INFO  api.test.UserTests2 - ********** Reading User Info (Get Req.) ***************
16:14:42.312 [main] INFO  api.test.UserTests2 - **********User info  is displayed ***************
16:14:42.316 [main] INFO  api.test.UserTests2 - ********** Updating User (Put Req.) ***************
16:14:43.882 [main] INFO  api.test.UserTests2 - ********** User updated ***************
16:14:45.363 [main] INFO  api.test.UserTests2 - **********   Deleting User (Delete req. )  ***************
16:14:46.849 [main] INFO  api.test.UserTests2 - ********** User deleted ***************
16:23:35.693 [main] DEBUG api.test.UserTests2 - debugging.....
16:23:35.732 [main] INFO  api.test.UserTests2 - ********** Creating user (Post Req.) ***************
16:23:40.094 [main] INFO  api.test.UserTests2 - **********User is creatged  ***************
16:23:40.114 [main] INFO  api.test.UserTests2 - ********** Reading User Info (Get Req.) ***************
16:23:41.691 [main] INFO  api.test.UserTests2 - **********User info  is displayed ***************
16:23:41.693 [main] INFO  api.test.UserTests2 - ********** Updating User (Put Req.) ***************
16:23:43.277 [main] INFO  api.test.UserTests2 - ********** User updated ***************
16:23:44.809 [main] INFO  api.test.UserTests2 - **********   Deleting User (Delete req. )  ***************
16:23:46.352 [main] INFO  api.test.UserTests2 - ********** User deleted ***************
22:49:36.249 [main] DEBUG api.test.UserTests2 - debugging.....
22:49:36.305 [main] INFO  api.test.UserTests2 - ********** Creating user (Post Req.) ***************
22:49:41.817 [main] INFO  api.test.UserTests2 - **********User is creatged  ***************
22:49:41.843 [main] INFO  api.test.UserTests2 - ********** Reading User Info (Get Req.) ***************
22:49:43.452 [main] INFO  api.test.UserTests2 - **********User info  is displayed ***************
22:49:43.455 [main] INFO  api.test.UserTests2 - ********** Updating User (Put Req.) ***************
22:49:45.024 [main] INFO  api.test.UserTests2 - ********** User updated ***************
22:49:46.599 [main] INFO  api.test.UserTests2 - **********   Deleting User (Delete req. )  ***************
22:49:48.121 [main] INFO  api.test.UserTests2 - ********** User deleted ***************
22:54:57.465 [main] DEBUG api.test.UserTests - debugging.....
22:54:57.536 [main] INFO  api.test.UserTests - ********** Creating user (Post Req.) ***************
22:55:04.309 [main] INFO  api.test.UserTests - **********User is creatged  ***************
22:55:04.325 [main] INFO  api.test.UserTests - ********** Reading User Info (Get Req.) ***************
22:55:05.940 [main] INFO  api.test.UserTests - **********User info  is displayed ***************
22:55:05.946 [main] INFO  api.test.UserTests - ********** Updating User (Put Req.) ***************
22:55:07.589 [main] INFO  api.test.UserTests - ********** User updated ***************
22:55:09.206 [main] INFO  api.test.UserTests - **********   Deleting User (Delete req. )  ***************
22:55:10.751 [main] INFO  api.test.UserTests - ********** User deleted ***************
23:02:55.915 [main] DEBUG api.test.UserTests - debugging.....
23:02:55.960 [main] INFO  api.test.UserTests - ********** Creating user (Post Req.) ***************
23:03:00.623 [main] INFO  api.test.UserTests - **********User is creatged  ***************
23:03:00.632 [main] INFO  api.test.UserTests - ********** Reading User Info (Get Req.) ***************
23:03:02.023 [main] INFO  api.test.UserTests - **********User info  is displayed ***************
23:03:02.028 [main] INFO  api.test.UserTests - ********** Updating User (Put Req.) ***************
23:03:03.379 [main] INFO  api.test.UserTests - ********** User updated ***************
23:03:04.707 [main] INFO  api.test.UserTests - **********   Deleting User (Delete req. )  ***************
23:03:05.978 [main] INFO  api.test.UserTests - ********** User deleted ***************
23:04:37.453 [main] DEBUG api.test.UserTests - debugging.....
23:04:37.507 [main] INFO  api.test.UserTests - ********** Creating user (Post Req.) ***************
23:04:41.849 [main] INFO  api.test.UserTests - **********User is creatged  ***************
23:04:41.862 [main] INFO  api.test.UserTests - ********** Reading User Info (Get Req.) ***************
23:04:43.196 [main] INFO  api.test.UserTests - **********User info  is displayed ***************
23:04:43.207 [main] INFO  api.test.UserTests - ********** Updating User (Put Req.) ***************
23:04:44.556 [main] INFO  api.test.UserTests - ********** User updated ***************
23:04:45.849 [main] INFO  api.test.UserTests - **********   Deleting User (Delete req. )  ***************
23:04:47.093 [main] INFO  api.test.UserTests - ********** User deleted ***************
23:08:27.350 [main] DEBUG api.test.UserTests2 - debugging.....
23:08:27.400 [main] INFO  api.test.UserTests2 - ********** Creating user (Post Req.) ***************
23:08:31.992 [main] INFO  api.test.UserTests2 - **********User is creatged  ***************
23:08:32.036 [main] INFO  api.test.UserTests2 - ********** Reading User Info (Get Req.) ***************
23:08:33.613 [main] INFO  api.test.UserTests2 - **********User info  is displayed ***************
23:08:33.616 [main] INFO  api.test.UserTests2 - ********** Updating User (Put Req.) ***************
23:08:35.218 [main] INFO  api.test.UserTests2 - ********** User updated ***************
23:08:36.824 [main] INFO  api.test.UserTests2 - **********   Deleting User (Delete req. )  ***************
23:08:38.332 [main] INFO  api.test.UserTests2 - ********** User deleted ***************
23:08:51.829 [main] DEBUG api.test.UserTests - debugging.....
23:08:51.881 [main] INFO  api.test.UserTests - ********** Creating user (Post Req.) ***************
23:08:56.196 [main] INFO  api.test.UserTests - **********User is creatged  ***************
23:08:56.204 [main] INFO  api.test.UserTests - ********** Reading User Info (Get Req.) ***************
23:08:57.809 [main] INFO  api.test.UserTests - **********User info  is displayed ***************
23:08:57.816 [main] INFO  api.test.UserTests - ********** Updating User (Put Req.) ***************
23:08:59.413 [main] INFO  api.test.UserTests - ********** User updated ***************
23:09:00.979 [main] INFO  api.test.UserTests - **********   Deleting User (Delete req. )  ***************
23:09:02.511 [main] INFO  api.test.UserTests - ********** User deleted ***************
23:10:32.490 [main] DEBUG api.test.UserTests2 - debugging.....
23:10:32.540 [main] INFO  api.test.UserTests2 - ********** Creating user (Post Req.) ***************
23:10:36.628 [main] INFO  api.test.UserTests2 - **********User is creatged  ***************
23:10:36.638 [main] INFO  api.test.UserTests2 - ********** Reading User Info (Get Req.) ***************
23:10:37.951 [main] INFO  api.test.UserTests2 - **********User info  is displayed ***************
23:10:37.959 [main] INFO  api.test.UserTests2 - ********** Updating User (Put Req.) ***************
23:10:39.304 [main] INFO  api.test.UserTests2 - ********** User updated ***************
23:10:40.614 [main] INFO  api.test.UserTests2 - **********   Deleting User (Delete req. )  ***************
23:10:41.944 [main] INFO  api.test.UserTests2 - ********** User deleted ***************
23:27:48.983 [main] DEBUG api.test.UserTests2 - debugging.....
23:27:49.050 [main] INFO  api.test.UserTests2 - ********** Creating user (Post Req.) ***************
23:28:08.011 [main] INFO  api.test.UserTests2 - **********User is creatged  ***************
23:28:08.043 [main] INFO  api.test.UserTests2 - ********** Reading User Info (Get Req.) ***************
23:28:09.653 [main] INFO  api.test.UserTests2 - **********User info  is displayed ***************
23:28:09.659 [main] INFO  api.test.UserTests2 - ********** Updating User (Put Req.) ***************
23:28:11.275 [main] INFO  api.test.UserTests2 - ********** User updated ***************
23:28:12.872 [main] INFO  api.test.UserTests2 - **********   Deleting User (Delete req. )  ***************
23:28:14.452 [main] INFO  api.test.UserTests2 - ********** User deleted ***************
21:25:35.078 [main] DEBUG api.test.UserTests - debugging.....
21:25:35.129 [main] INFO  api.test.UserTests - ********** Creating user (Post Req.) ***************
21:25:41.861 [main] INFO  api.test.UserTests - **********User is creatged  ***************
21:25:41.872 [main] INFO  api.test.UserTests - ********** Reading User Info (Get Req.) ***************
21:25:42.948 [main] INFO  api.test.UserTests - **********User info  is displayed ***************
21:25:42.955 [main] INFO  api.test.UserTests - ********** Updating User (Put Req.) ***************
21:25:44.113 [main] INFO  api.test.UserTests - ********** User updated ***************
21:25:45.174 [main] INFO  api.test.UserTests - **********   Deleting User (Delete req. )  ***************
21:25:46.238 [main] INFO  api.test.UserTests - ********** User deleted ***************
21:43:30.764 [main] DEBUG api.test.UserTests - debugging.....
21:43:30.819 [main] INFO  api.test.UserTests - ********** Creating user (Post Req.) ***************
21:43:37.271 [main] INFO  api.test.UserTests - **********User is creatged  ***************
21:43:37.281 [main] INFO  api.test.UserTests - ********** Reading User Info (Get Req.) ***************
21:43:38.411 [main] INFO  api.test.UserTests - **********User info  is displayed ***************
21:43:38.420 [main] INFO  api.test.UserTests - ********** Updating User (Put Req.) ***************
21:43:39.545 [main] INFO  api.test.UserTests - ********** User updated ***************
21:43:40.638 [main] INFO  api.test.UserTests - **********   Deleting User (Delete req. )  ***************
21:43:41.729 [main] INFO  api.test.UserTests - ********** User deleted ***************
21:43:53.636 [main] DEBUG api.test.UserTests - debugging.....
21:43:53.683 [main] INFO  api.test.UserTests - ********** Creating user (Post Req.) ***************
21:43:57.435 [main] INFO  api.test.UserTests - **********User is creatged  ***************
21:43:57.444 [main] INFO  api.test.UserTests - ********** Reading User Info (Get Req.) ***************
21:43:58.566 [main] INFO  api.test.UserTests - **********User info  is displayed ***************
21:43:58.574 [main] INFO  api.test.UserTests - ********** Updating User (Put Req.) ***************
21:43:59.666 [main] INFO  api.test.UserTests - ********** User updated ***************
21:44:00.748 [main] INFO  api.test.UserTests - **********   Deleting User (Delete req. )  ***************
21:44:01.855 [main] INFO  api.test.UserTests - ********** User deleted ***************
21:44:15.752 [main] DEBUG api.test.UserTests - debugging.....
21:44:15.806 [main] INFO  api.test.UserTests - ********** Creating user (Post Req.) ***************
21:44:19.547 [main] INFO  api.test.UserTests - **********User is creatged  ***************
21:44:19.559 [main] INFO  api.test.UserTests - ********** Reading User Info (Get Req.) ***************
21:44:20.837 [main] INFO  api.test.UserTests - **********User info  is displayed ***************
21:44:20.844 [main] INFO  api.test.UserTests - ********** Updating User (Put Req.) ***************
21:44:21.915 [main] INFO  api.test.UserTests - ********** User updated ***************
21:44:23.046 [main] INFO  api.test.UserTests - **********   Deleting User (Delete req. )  ***************
21:44:27.140 [main] INFO  api.test.UserTests - ********** User deleted ***************
21:44:28.653 [main] DEBUG api.test.UserTests - debugging.....
21:44:28.704 [main] INFO  api.test.UserTests - ********** Creating user (Post Req.) ***************
21:44:32.872 [main] INFO  api.test.UserTests - **********User is creatged  ***************
21:44:32.881 [main] INFO  api.test.UserTests - ********** Reading User Info (Get Req.) ***************
21:44:33.975 [main] INFO  api.test.UserTests - **********User info  is displayed ***************
21:44:33.980 [main] INFO  api.test.UserTests - ********** Updating User (Put Req.) ***************
21:44:35.088 [main] INFO  api.test.UserTests - ********** User updated ***************
21:44:36.200 [main] INFO  api.test.UserTests - **********   Deleting User (Delete req. )  ***************
21:44:37.315 [main] INFO  api.test.UserTests - ********** User deleted ***************
21:45:02.647 [main] DEBUG api.test.UserTests - debugging.....
21:45:02.697 [main] INFO  api.test.UserTests - ********** Creating user (Post Req.) ***************
21:45:06.528 [main] INFO  api.test.UserTests - **********User is creatged  ***************
21:45:06.539 [main] INFO  api.test.UserTests - ********** Reading User Info (Get Req.) ***************
21:45:07.741 [main] INFO  api.test.UserTests - **********User info  is displayed ***************
21:45:07.746 [main] INFO  api.test.UserTests - ********** Updating User (Put Req.) ***************
21:45:08.894 [main] INFO  api.test.UserTests - ********** User updated ***************
21:45:09.957 [main] INFO  api.test.UserTests - **********   Deleting User (Delete req. )  ***************
21:45:10.987 [main] INFO  api.test.UserTests - ********** User deleted ***************
21:45:19.883 [main] DEBUG api.test.UserTests - debugging.....
21:45:19.941 [main] INFO  api.test.UserTests - ********** Creating user (Post Req.) ***************
21:45:23.863 [main] INFO  api.test.UserTests - **********User is creatged  ***************
21:45:23.871 [main] INFO  api.test.UserTests - ********** Reading User Info (Get Req.) ***************
